#
# A fatal error has been detected by the Java Runtime Environment:
#
#  SIGSEGV (0xb) at pc=0x00007fff7ed80f49, pid=20255, tid=0x000000000000a107
#
# JRE version: OpenJDK Runtime Environment (8.0_152-b01) (build 1.8.0_152-release-1024-b01)
# Java VM: OpenJDK 64-Bit Server VM (25.152-b01 mixed mode bsd-amd64 compressed oops)
# Problematic frame:
# C  [libsystem_platform.dylib+0x4f49]  _platform_memmove$VARIANT$Haswell+0x29
#
# Failed to write core dump. Core dumps have been disabled. To enable core dumping, try "ulimit -c unlimited" before starting Java again
#
# If you would like to submit a bug report, please visit:
#   http://bugreport.java.com/bugreport/crash.jsp
# The crash happened outside the Java Virtual Machine in native code.
# See problematic frame for where to report the bug.
#

---------------  T H R E A D  ---------------

Current thread (0x00007fd1f3aff000):  JavaThread "RMI TCP Connection(4)-127.0.0.1" daemon [_thread_in_native, id=41223, stack(0x0000700010f2a000,0x000070001102a000)]

siginfo: si_signo: 11 (SIGSEGV), si_code: 1 (SEGV_MAPERR), si_addr: 0x00000001111b1000

Registers:
RAX=0x00007fd1f90cec00, RBX=0x000000000000fe6d, RCX=0x000000000000e944, RDX=0x000000000000fe6d
RSP=0x0000700011025050, RBP=0x0000700011025050, RSI=0x00000001111b1000, RDI=0x00007fd1f90d0129
R8 =0x00007fd1f97ffd9e, R9 =0x0000000000000600, R10=0x0000000000000000, R11=0x00007fd0e7f1f129
R12=0x000000000000305e, R13=0x00007fd1f34769b0, R14=0x00000001111afaa9, R15=0x00007fd1f90cec00
RIP=0x00007fff7ed80f49, EFLAGS=0x0000000000010202, ERR=0x0000000000000004
  TRAPNO=0x000000000000000e

Top of Stack: (sp=0x0000700011025050)
0x0000700011025050:   0000700011025100 0000000107333fa4
0x0000700011025060:   000000010cc16028 00000000fa96e3bc
0x0000700011025070:   000000003c2d4bc5 00007fd1f3aff000
0x0000700011025080:   00000001111afad7 00007fd1f3aff000
0x0000700011025090:   00000000986f807f 000000001292e310
0x00007000110250a0:   0000000000000000 00000000c003a978
0x00007000110250b0:   000000000000005f 000000300000005e
0x00007000110250c0:   0000000108c19c98 00007fd1fa0c2d90
0x00007000110250d0:   000000b311025180 0000000000000001
0x00007000110250e0:   00007fd1f44ebd80 00007fd1fa1db880
0x00007000110250f0:   0000000000000010 000000005bbd78a2
0x0000700011025100:   0000700011025160 0000000107333c15
0x0000700011025110:   00007000110258f0 0000000000000014
0x0000700011025120:   0000700011025180 00000001110255d8
0x0000700011025130:   00007fd1fa0c2d90 0000000000000014
0x0000700011025140:   00007000110255d8 00007fd1f3aff1e0
0x0000700011025150:   0000700011025180 00007fd1fa0c2d90
0x0000700011025160:   00007000110255c0 000000010733248a
0x0000700011025170:   00000000000000d8 0000000111025c68
0x0000700011025180:   464e492d4154454d 534546494e414d2f
0x0000700011025190:   00007000464d2e54 00007fd1f3aff000
0x00007000110251a0:   00007fd1f44196a0 000000010ca53578
0x00007000110251b0:   0000000000000000 00007000110253b0
0x00007000110251c0:   0000000000000000 0000700011025580
0x00007000110251d0:   00007000110252a8 000000011296fc60
0x00007000110251e0:   00007fd1f44196a0 000000010ca53578
0x00007000110251f0:   000000010ca53578 00007fd1f3aff000
0x0000700011025200:   000000010ca53578 00007fd1f3aff000
0x0000700011025210:   000000010ca53578 00007fd1f3aff000
0x0000700011025220:   0000700011025268 000000010ca53578
0x0000700011025230:   0000700011025280 000000000000000d
0x0000700011025240:   00007000110252d0 00007000110252b0 

Instructions: (pc=0x00007fff7ed80f49)
0x00007fff7ed80f29:   f3 48 89 f8 49 39 d3 72 1b 48 83 fa 60 76 2f 48
0x00007fff7ed80f39:   81 fa 00 40 00 00 0f 82 cb 00 00 00 48 89 d1 fc
0x00007fff7ed80f49:   f3 a4 5d c3 48 39 fe 74 f9 48 01 d6 48 01 d7 48
0x00007fff7ed80f59:   83 fa 60 0f 82 8c 01 00 00 e9 a9 01 00 00 48 83 

Register to memory mapping:

RAX=0x00007fd1f90cec00 is an unknown value
RBX=0x000000000000fe6d is an unknown value
RCX=0x000000000000e944 is an unknown value
RDX=0x000000000000fe6d is an unknown value
RSP=0x0000700011025050 is pointing into the stack for thread: 0x00007fd1f3aff000
RBP=0x0000700011025050 is pointing into the stack for thread: 0x00007fd1f3aff000
RSI=0x00000001111b1000 is an unknown value
RDI=0x00007fd1f90d0129 is an unknown value
R8 =0x00007fd1f97ffd9e is an unknown value
R9 =0x0000000000000600 is an unknown value
R10=0x0000000000000000 is an unknown value
R11=0x00007fd0e7f1f129 is an unknown value
R12=0x000000000000305e is an unknown value
R13=0x00007fd1f34769b0 is an unknown value
R14=0x00000001111afaa9 is an unknown value
R15=0x00007fd1f90cec00 is an unknown value


Stack: [0x0000700010f2a000,0x000070001102a000],  sp=0x0000700011025050,  free space=1004k
Native frames: (J=compiled Java code, j=interpreted, Vv=VM code, C=native code)
C  [libsystem_platform.dylib+0x4f49]  _platform_memmove$VARIANT$Haswell+0x29
C  [libzip.dylib+0x3fa4]  newEntry+0x2ae
C  [libzip.dylib+0x3c15]  ZIP_GetEntry2+0x116
C  [libzip.dylib+0x248a]  Java_java_util_zip_ZipFile_getEntry+0x98
J 110  java.util.zip.ZipFile.getEntry(J[BZ)J (0 bytes) @ 0x0000000112a5dbce [0x0000000112a5db00+0xce]
J 157 C1 java.util.zip.ZipFile.getEntry(Ljava/lang/String;)Ljava/util/zip/ZipEntry; (86 bytes) @ 0x0000000112a8cc4c [0x0000000112a8c9e0+0x26c]
J 212 C1 java.util.jar.JarFile.getEntry(Ljava/lang/String;)Ljava/util/zip/ZipEntry; (22 bytes) @ 0x0000000112aa91a4 [0x0000000112aa9120+0x84]
J 8562 C1 java.util.jar.JarFile.getJarEntry(Ljava/lang/String;)Ljava/util/jar/JarEntry; (9 bytes) @ 0x00000001142a7584 [0x00000001142a7480+0x104]
j  java.util.jar.JarFile.getManEntry()Ljava/util/jar/JarEntry;+11
j  java.util.jar.JarFile.checkForSpecialAttributes()V+16
j  java.util.jar.JarFile.hasClassPathAttribute()Z+1
j  java.util.jar.JavaUtilJarAccessImpl.jarFileHasClassPathAttribute(Ljava/util/jar/JarFile;)Z+1
j  sun.misc.URLClassPath$JarLoader.getClassPath()[Ljava/net/URL;+33
J 2783 C2 sun.misc.URLClassPath.getNextLoader([II)Lsun/misc/URLClassPath$Loader; (88 bytes) @ 0x0000000113150d70 [0x0000000113150920+0x450]
J 1387 C1 sun.misc.URLClassPath.access$100(Lsun/misc/URLClassPath;[II)Lsun/misc/URLClassPath$Loader; (7 bytes) @ 0x0000000112d3891c [0x0000000112d388c0+0x5c]
j  sun.misc.URLClassPath$1.next()Z+28
j  sun.misc.URLClassPath$1.hasMoreElements()Z+1
j  java.net.URLClassLoader$3$1.run()Ljava/net/URL;+7
j  java.net.URLClassLoader$3$1.run()Ljava/lang/Object;+1
v  ~StubRoutines::call_stub
V  [libjvm.dylib+0x2c062b]
V  [libjvm.dylib+0x2fdb36]
j  java.security.AccessController.doPrivileged(Ljava/security/PrivilegedAction;Ljava/security/AccessControlContext;)Ljava/lang/Object;+0
j  java.net.URLClassLoader$3.next()Z+24
j  java.net.URLClassLoader$3.hasMoreElements()Z+1
j  sun.misc.CompoundEnumeration.next()Z+33
j  sun.misc.CompoundEnumeration.hasMoreElements()Z+1
j  java.util.ServiceLoader$LazyIterator.hasNextService()Z+109
j  java.util.ServiceLoader$LazyIterator.hasNext()Z+11
j  java.util.ServiceLoader$1.hasNext()Z+21
J 6975 C1 kotlin.collections.CollectionsKt___CollectionsKt.toCollection(Ljava/lang/Iterable;Ljava/util/Collection;)Ljava/util/Collection; (49 bytes) @ 0x0000000113f24edc [0x0000000113f24a40+0x49c]
j  kotlin.collections.CollectionsKt___CollectionsKt.toMutableList(Ljava/lang/Iterable;)Ljava/util/List;+32
J 4720 C2 kotlin.collections.CollectionsKt___CollectionsKt.toList(Ljava/lang/Iterable;)Ljava/util/List; (107 bytes) @ 0x00000001136e1140 [0x00000001136e0e80+0x2c0]
j  org.jetbrains.kotlin.kapt3.ClasspathBasedKapt3Extension.loadProcessors()Ljava/util/List;+193
j  org.jetbrains.kotlin.kapt3.AbstractKapt3Extension.analysisCompleted(Lorg/jetbrains/kotlin/com/intellij/openapi/project/Project;Lorg/jetbrains/kotlin/descriptors/ModuleDescriptor;Lorg/jetbrains/kotlin/resolve/BindingTrace;Ljava/util/Collection;)Lorg/jetbrains/kotlin/analyzer/AnalysisResult;+104
j  org.jetbrains.kotlin.kapt3.ClasspathBasedKapt3Extension.analysisCompleted(Lorg/jetbrains/kotlin/com/intellij/openapi/project/Project;Lorg/jetbrains/kotlin/descriptors/ModuleDescriptor;Lorg/jetbrains/kotlin/resolve/BindingTrace;Ljava/util/Collection;)Lorg/jetbrains/kotlin/analyzer/AnalysisResult;+32
j  org.jetbrains.kotlin.cli.jvm.compiler.TopDownAnalyzerFacadeForJVM$analyzeFilesWithJavaIntegration$2.invoke()Lorg/jetbrains/kotlin/analyzer/AnalysisResult;+46
j  org.jetbrains.kotlin.cli.jvm.compiler.TopDownAnalyzerFacadeForJVM.analyzeFilesWithJavaIntegration(Lorg/jetbrains/kotlin/com/intellij/openapi/project/Project;Ljava/util/Collection;Lorg/jetbrains/kotlin/resolve/BindingTrace;Lorg/jetbrains/kotlin/config/CompilerConfiguration;Lkotlin/jvm/functions/Function1;Lkotlin/jvm/functions/Function2;Lorg/jetbrains/kotlin/com/intellij/psi/search/GlobalSearchScope;)Lorg/jetbrains/kotlin/analyzer/AnalysisResult;+179
j  org.jetbrains.kotlin.cli.jvm.compiler.TopDownAnalyzerFacadeForJVM.analyzeFilesWithJavaIntegration$default(Lorg/jetbrains/kotlin/com/intellij/openapi/project/Project;Ljava/util/Collection;Lorg/jetbrains/kotlin/resolve/BindingTrace;Lorg/jetbrains/kotlin/config/CompilerConfiguration;Lkotlin/jvm/functions/Function1;Lkotlin/jvm/functions/Function2;Lorg/jetbrains/kotlin/com/intellij/psi/search/GlobalSearchScope;ILjava/lang/Object;)Lorg/jetbrains/kotlin/analyzer/AnalysisResult;+44
j  org.jetbrains.kotlin.cli.jvm.compiler.KotlinToJVMBytecodeCompiler$analyze$1.invoke()Lorg/jetbrains/kotlin/analyzer/AnalysisResult;+254
j  org.jetbrains.kotlin.cli.jvm.compiler.KotlinToJVMBytecodeCompiler$analyze$1.invoke()Ljava/lang/Object;+1
j  org.jetbrains.kotlin.cli.common.messages.AnalyzerWithCompilerReport.analyzeAndReport(Ljava/util/Collection;Lkotlin/jvm/functions/Function0;)V+16
j  org.jetbrains.kotlin.cli.jvm.compiler.KotlinToJVMBytecodeCompiler.analyze(Lorg/jetbrains/kotlin/cli/jvm/compiler/KotlinCoreEnvironment;Ljava/lang/String;)Lorg/jetbrains/kotlin/analyzer/AnalysisResult;+56
j  org.jetbrains.kotlin.cli.jvm.compiler.KotlinToJVMBytecodeCompiler.compileModules$cli(Lorg/jetbrains/kotlin/cli/jvm/compiler/KotlinCoreEnvironment;Ljava/io/File;Ljava/util/List;)Z+196
j  org.jetbrains.kotlin.cli.jvm.K2JVMCompiler.doExecute(Lorg/jetbrains/kotlin/cli/common/arguments/K2JVMCompilerArguments;Lorg/jetbrains/kotlin/config/CompilerConfiguration;Lorg/jetbrains/kotlin/com/intellij/openapi/Disposable;Lorg/jetbrains/kotlin/utils/KotlinPaths;)Lorg/jetbrains/kotlin/cli/common/ExitCode;+700
j  org.jetbrains.kotlin.cli.jvm.K2JVMCompiler.doExecute(Lorg/jetbrains/kotlin/cli/common/arguments/CommonCompilerArguments;Lorg/jetbrains/kotlin/config/CompilerConfiguration;Lorg/jetbrains/kotlin/com/intellij/openapi/Disposable;Lorg/jetbrains/kotlin/utils/KotlinPaths;)Lorg/jetbrains/kotlin/cli/common/ExitCode;+9
j  org.jetbrains.kotlin.cli.common.CLICompiler.execImpl(Lorg/jetbrains/kotlin/cli/common/messages/MessageCollector;Lorg/jetbrains/kotlin/config/Services;Lorg/jetbrains/kotlin/cli/common/arguments/CommonCompilerArguments;)Lorg/jetbrains/kotlin/cli/common/ExitCode;+162
j  org.jetbrains.kotlin.cli.common.CLICompiler.execImpl(Lorg/jetbrains/kotlin/cli/common/messages/MessageCollector;Lorg/jetbrains/kotlin/config/Services;Lorg/jetbrains/kotlin/cli/common/arguments/CommonToolArguments;)Lorg/jetbrains/kotlin/cli/common/ExitCode;+7
j  org.jetbrains.kotlin.cli.common.CLITool.exec(Lorg/jetbrains/kotlin/cli/common/messages/MessageCollector;Lorg/jetbrains/kotlin/config/Services;Lorg/jetbrains/kotlin/cli/common/arguments/CommonToolArguments;)Lorg/jetbrains/kotlin/cli/common/ExitCode;+76
j  org.jetbrains.kotlin.daemon.CompileServiceImpl$compile$1$1$2.invoke(Lorg/jetbrains/kotlin/daemon/EventManager;Lorg/jetbrains/kotlin/daemon/common/Profiler;)Lorg/jetbrains/kotlin/cli/common/ExitCode;+33
j  org.jetbrains.kotlin.daemon.CompileServiceImpl$compile$1$1$2.invoke(Ljava/lang/Object;Ljava/lang/Object;)Ljava/lang/Object;+9
j  org.jetbrains.kotlin.daemon.CompileServiceImpl$doCompile$$inlined$ifAlive$lambda$2.invoke()I+12
j  org.jetbrains.kotlin.daemon.CompileServiceImpl$doCompile$$inlined$ifAlive$lambda$2.invoke()Ljava/lang/Object;+1
j  org.jetbrains.kotlin.daemon.common.DummyProfiler.withMeasure(Ljava/lang/Object;Lkotlin/jvm/functions/Function0;)Ljava/lang/Object;+7
j  org.jetbrains.kotlin.daemon.CompileServiceImpl.checkedCompile(Lorg/jetbrains/kotlin/daemon/report/DaemonMessageReporter;Lorg/jetbrains/kotlin/daemon/common/Profiler;Lkotlin/jvm/functions/Function0;)Ljava/lang/Object;+41
j  org.jetbrains.kotlin.daemon.CompileServiceImpl.doCompile(ILorg/jetbrains/kotlin/daemon/report/DaemonMessageReporter;Lorg/jetbrains/kotlin/daemon/common/RemoteOperationsTracer;Lkotlin/jvm/functions/Function2;)Lorg/jetbrains/kotlin/daemon/common/CompileService$CallResult;+300
j  org.jetbrains.kotlin.daemon.CompileServiceImpl.compile(I[Ljava/lang/String;Lorg/jetbrains/kotlin/daemon/common/CompilationOptions;Lorg/jetbrains/kotlin/daemon/common/CompilerServicesFacadeBase;Lorg/jetbrains/kotlin/daemon/common/CompilationResults;)Lorg/jetbrains/kotlin/daemon/common/CompileService$CallResult;+621
v  ~StubRoutines::call_stub
V  [libjvm.dylib+0x2c062b]
V  [libjvm.dylib+0x47ea27]
V  [libjvm.dylib+0x47f487]
V  [libjvm.dylib+0x307485]
J 1690  sun.reflect.NativeMethodAccessorImpl.invoke0(Ljava/lang/reflect/Method;Ljava/lang/Object;[Ljava/lang/Object;)Ljava/lang/Object; (0 bytes) @ 0x0000000112de3dad [0x0000000112de3cc0+0xed]
J 1689 C1 sun.reflect.NativeMethodAccessorImpl.invoke(Ljava/lang/Object;[Ljava/lang/Object;)Ljava/lang/Object; (104 bytes) @ 0x0000000112de347c [0x0000000112de30a0+0x3dc]
J 1204 C1 sun.reflect.DelegatingMethodAccessorImpl.invoke(Ljava/lang/Object;[Ljava/lang/Object;)Ljava/lang/Object; (10 bytes) @ 0x0000000112cd278c [0x0000000112cd2680+0x10c]
J 1203 C1 java.lang.reflect.Method.invoke(Ljava/lang/Object;[Ljava/lang/Object;)Ljava/lang/Object; (62 bytes) @ 0x0000000112cd2f5c [0x0000000112cd2b60+0x3fc]
j  sun.rmi.server.UnicastServerRef.dispatch(Ljava/rmi/Remote;Ljava/rmi/server/RemoteCall;)V+209
j  sun.rmi.transport.Transport$1.run()Ljava/lang/Void;+23
j  sun.rmi.transport.Transport$1.run()Ljava/lang/Object;+1
v  ~StubRoutines::call_stub
V  [libjvm.dylib+0x2c062b]
V  [libjvm.dylib+0x2fdb36]
J 183  java.security.AccessController.doPrivileged(Ljava/security/PrivilegedExceptionAction;Ljava/security/AccessControlContext;)Ljava/lang/Object; (0 bytes) @ 0x0000000112a9e815 [0x0000000112a9e740+0xd5]
j  sun.rmi.transport.Transport.serviceCall(Ljava/rmi/server/RemoteCall;)Z+157
j  sun.rmi.transport.tcp.TCPTransport.handleMessages(Lsun/rmi/transport/Connection;Z)V+185
j  sun.rmi.transport.tcp.TCPTransport$ConnectionHandler.run0()V+680
j  sun.rmi.transport.tcp.TCPTransport$ConnectionHandler.lambda$run$0()Ljava/lang/Void;+1
j  sun.rmi.transport.tcp.TCPTransport$ConnectionHandler$$Lambda$5.run()Ljava/lang/Object;+4
v  ~StubRoutines::call_stub
V  [libjvm.dylib+0x2c062b]
V  [libjvm.dylib+0x2fdb36]
j  java.security.AccessController.doPrivileged(Ljava/security/PrivilegedAction;Ljava/security/AccessControlContext;)Ljava/lang/Object;+0
j  sun.rmi.transport.tcp.TCPTransport$ConnectionHandler.run()V+58
j  java.util.concurrent.ThreadPoolExecutor.runWorker(Ljava/util/concurrent/ThreadPoolExecutor$Worker;)V+95
j  java.util.concurrent.ThreadPoolExecutor$Worker.run()V+5
j  java.lang.Thread.run()V+11
v  ~StubRoutines::call_stub
V  [libjvm.dylib+0x2c062b]
V  [libjvm.dylib+0x2bf754]
V  [libjvm.dylib+0x2bf893]
V  [libjvm.dylib+0x30410a]
V  [libjvm.dylib+0x505e88]
V  [libjvm.dylib+0x505d4d]
V  [libjvm.dylib+0x435709]
C  [libsystem_pthread.dylib+0x3661]  _pthread_body+0x154
C  [libsystem_pthread.dylib+0x350d]  _pthread_body+0x0
C  [libsystem_pthread.dylib+0x2bf9]  thread_start+0xd
C  0x0000000000000000

Java frames: (J=compiled Java code, j=interpreted, Vv=VM code)
J 110  java.util.zip.ZipFile.getEntry(J[BZ)J (0 bytes) @ 0x0000000112a5db58 [0x0000000112a5db00+0x58]
J 157 C1 java.util.zip.ZipFile.getEntry(Ljava/lang/String;)Ljava/util/zip/ZipEntry; (86 bytes) @ 0x0000000112a8cc4c [0x0000000112a8c9e0+0x26c]
J 212 C1 java.util.jar.JarFile.getEntry(Ljava/lang/String;)Ljava/util/zip/ZipEntry; (22 bytes) @ 0x0000000112aa91a4 [0x0000000112aa9120+0x84]
J 8562 C1 java.util.jar.JarFile.getJarEntry(Ljava/lang/String;)Ljava/util/jar/JarEntry; (9 bytes) @ 0x00000001142a7584 [0x00000001142a7480+0x104]
j  java.util.jar.JarFile.getManEntry()Ljava/util/jar/JarEntry;+11
j  java.util.jar.JarFile.checkForSpecialAttributes()V+16
j  java.util.jar.JarFile.hasClassPathAttribute()Z+1
j  java.util.jar.JavaUtilJarAccessImpl.jarFileHasClassPathAttribute(Ljava/util/jar/JarFile;)Z+1
j  sun.misc.URLClassPath$JarLoader.getClassPath()[Ljava/net/URL;+33
J 2783 C2 sun.misc.URLClassPath.getNextLoader([II)Lsun/misc/URLClassPath$Loader; (88 bytes) @ 0x0000000113150d70 [0x0000000113150920+0x450]
J 1387 C1 sun.misc.URLClassPath.access$100(Lsun/misc/URLClassPath;[II)Lsun/misc/URLClassPath$Loader; (7 bytes) @ 0x0000000112d3891c [0x0000000112d388c0+0x5c]
j  sun.misc.URLClassPath$1.next()Z+28
j  sun.misc.URLClassPath$1.hasMoreElements()Z+1
j  java.net.URLClassLoader$3$1.run()Ljava/net/URL;+7
j  java.net.URLClassLoader$3$1.run()Ljava/lang/Object;+1
v  ~StubRoutines::call_stub
j  java.security.AccessController.doPrivileged(Ljava/security/PrivilegedAction;Ljava/security/AccessControlContext;)Ljava/lang/Object;+0
j  java.net.URLClassLoader$3.next()Z+24
j  java.net.URLClassLoader$3.hasMoreElements()Z+1
j  sun.misc.CompoundEnumeration.next()Z+33
j  sun.misc.CompoundEnumeration.hasMoreElements()Z+1
j  java.util.ServiceLoader$LazyIterator.hasNextService()Z+109
j  java.util.ServiceLoader$LazyIterator.hasNext()Z+11
j  java.util.ServiceLoader$1.hasNext()Z+21
J 6975 C1 kotlin.collections.CollectionsKt___CollectionsKt.toCollection(Ljava/lang/Iterable;Ljava/util/Collection;)Ljava/util/Collection; (49 bytes) @ 0x0000000113f24edc [0x0000000113f24a40+0x49c]
j  kotlin.collections.CollectionsKt___CollectionsKt.toMutableList(Ljava/lang/Iterable;)Ljava/util/List;+32
J 4720 C2 kotlin.collections.CollectionsKt___CollectionsKt.toList(Ljava/lang/Iterable;)Ljava/util/List; (107 bytes) @ 0x00000001136e1140 [0x00000001136e0e80+0x2c0]
j  org.jetbrains.kotlin.kapt3.ClasspathBasedKapt3Extension.loadProcessors()Ljava/util/List;+193
j  org.jetbrains.kotlin.kapt3.AbstractKapt3Extension.analysisCompleted(Lorg/jetbrains/kotlin/com/intellij/openapi/project/Project;Lorg/jetbrains/kotlin/descriptors/ModuleDescriptor;Lorg/jetbrains/kotlin/resolve/BindingTrace;Ljava/util/Collection;)Lorg/jetbrains/kotlin/analyzer/AnalysisResult;+104
j  org.jetbrains.kotlin.kapt3.ClasspathBasedKapt3Extension.analysisCompleted(Lorg/jetbrains/kotlin/com/intellij/openapi/project/Project;Lorg/jetbrains/kotlin/descriptors/ModuleDescriptor;Lorg/jetbrains/kotlin/resolve/BindingTrace;Ljava/util/Collection;)Lorg/jetbrains/kotlin/analyzer/AnalysisResult;+32
j  org.jetbrains.kotlin.cli.jvm.compiler.TopDownAnalyzerFacadeForJVM$analyzeFilesWithJavaIntegration$2.invoke()Lorg/jetbrains/kotlin/analyzer/AnalysisResult;+46
j  org.jetbrains.kotlin.cli.jvm.compiler.TopDownAnalyzerFacadeForJVM.analyzeFilesWithJavaIntegration(Lorg/jetbrains/kotlin/com/intellij/openapi/project/Project;Ljava/util/Collection;Lorg/jetbrains/kotlin/resolve/BindingTrace;Lorg/jetbrains/kotlin/config/CompilerConfiguration;Lkotlin/jvm/functions/Function1;Lkotlin/jvm/functions/Function2;Lorg/jetbrains/kotlin/com/intellij/psi/search/GlobalSearchScope;)Lorg/jetbrains/kotlin/analyzer/AnalysisResult;+179
j  org.jetbrains.kotlin.cli.jvm.compiler.TopDownAnalyzerFacadeForJVM.analyzeFilesWithJavaIntegration$default(Lorg/jetbrains/kotlin/com/intellij/openapi/project/Project;Ljava/util/Collection;Lorg/jetbrains/kotlin/resolve/BindingTrace;Lorg/jetbrains/kotlin/config/CompilerConfiguration;Lkotlin/jvm/functions/Function1;Lkotlin/jvm/functions/Function2;Lorg/jetbrains/kotlin/com/intellij/psi/search/GlobalSearchScope;ILjava/lang/Object;)Lorg/jetbrains/kotlin/analyzer/AnalysisResult;+44
j  org.jetbrains.kotlin.cli.jvm.compiler.KotlinToJVMBytecodeCompiler$analyze$1.invoke()Lorg/jetbrains/kotlin/analyzer/AnalysisResult;+254
j  org.jetbrains.kotlin.cli.jvm.compiler.KotlinToJVMBytecodeCompiler$analyze$1.invoke()Ljava/lang/Object;+1
j  org.jetbrains.kotlin.cli.common.messages.AnalyzerWithCompilerReport.analyzeAndReport(Ljava/util/Collection;Lkotlin/jvm/functions/Function0;)V+16
j  org.jetbrains.kotlin.cli.jvm.compiler.KotlinToJVMBytecodeCompiler.analyze(Lorg/jetbrains/kotlin/cli/jvm/compiler/KotlinCoreEnvironment;Ljava/lang/String;)Lorg/jetbrains/kotlin/analyzer/AnalysisResult;+56
j  org.jetbrains.kotlin.cli.jvm.compiler.KotlinToJVMBytecodeCompiler.compileModules$cli(Lorg/jetbrains/kotlin/cli/jvm/compiler/KotlinCoreEnvironment;Ljava/io/File;Ljava/util/List;)Z+196
j  org.jetbrains.kotlin.cli.jvm.K2JVMCompiler.doExecute(Lorg/jetbrains/kotlin/cli/common/arguments/K2JVMCompilerArguments;Lorg/jetbrains/kotlin/config/CompilerConfiguration;Lorg/jetbrains/kotlin/com/intellij/openapi/Disposable;Lorg/jetbrains/kotlin/utils/KotlinPaths;)Lorg/jetbrains/kotlin/cli/common/ExitCode;+700
j  org.jetbrains.kotlin.cli.jvm.K2JVMCompiler.doExecute(Lorg/jetbrains/kotlin/cli/common/arguments/CommonCompilerArguments;Lorg/jetbrains/kotlin/config/CompilerConfiguration;Lorg/jetbrains/kotlin/com/intellij/openapi/Disposable;Lorg/jetbrains/kotlin/utils/KotlinPaths;)Lorg/jetbrains/kotlin/cli/common/ExitCode;+9
j  org.jetbrains.kotlin.cli.common.CLICompiler.execImpl(Lorg/jetbrains/kotlin/cli/common/messages/MessageCollector;Lorg/jetbrains/kotlin/config/Services;Lorg/jetbrains/kotlin/cli/common/arguments/CommonCompilerArguments;)Lorg/jetbrains/kotlin/cli/common/ExitCode;+162
j  org.jetbrains.kotlin.cli.common.CLICompiler.execImpl(Lorg/jetbrains/kotlin/cli/common/messages/MessageCollector;Lorg/jetbrains/kotlin/config/Services;Lorg/jetbrains/kotlin/cli/common/arguments/CommonToolArguments;)Lorg/jetbrains/kotlin/cli/common/ExitCode;+7
j  org.jetbrains.kotlin.cli.common.CLITool.exec(Lorg/jetbrains/kotlin/cli/common/messages/MessageCollector;Lorg/jetbrains/kotlin/config/Services;Lorg/jetbrains/kotlin/cli/common/arguments/CommonToolArguments;)Lorg/jetbrains/kotlin/cli/common/ExitCode;+76
j  org.jetbrains.kotlin.daemon.CompileServiceImpl$compile$1$1$2.invoke(Lorg/jetbrains/kotlin/daemon/EventManager;Lorg/jetbrains/kotlin/daemon/common/Profiler;)Lorg/jetbrains/kotlin/cli/common/ExitCode;+33
j  org.jetbrains.kotlin.daemon.CompileServiceImpl$compile$1$1$2.invoke(Ljava/lang/Object;Ljava/lang/Object;)Ljava/lang/Object;+9
j  org.jetbrains.kotlin.daemon.CompileServiceImpl$doCompile$$inlined$ifAlive$lambda$2.invoke()I+12
j  org.jetbrains.kotlin.daemon.CompileServiceImpl$doCompile$$inlined$ifAlive$lambda$2.invoke()Ljava/lang/Object;+1
j  org.jetbrains.kotlin.daemon.common.DummyProfiler.withMeasure(Ljava/lang/Object;Lkotlin/jvm/functions/Function0;)Ljava/lang/Object;+7
j  org.jetbrains.kotlin.daemon.CompileServiceImpl.checkedCompile(Lorg/jetbrains/kotlin/daemon/report/DaemonMessageReporter;Lorg/jetbrains/kotlin/daemon/common/Profiler;Lkotlin/jvm/functions/Function0;)Ljava/lang/Object;+41
j  org.jetbrains.kotlin.daemon.CompileServiceImpl.doCompile(ILorg/jetbrains/kotlin/daemon/report/DaemonMessageReporter;Lorg/jetbrains/kotlin/daemon/common/RemoteOperationsTracer;Lkotlin/jvm/functions/Function2;)Lorg/jetbrains/kotlin/daemon/common/CompileService$CallResult;+300
j  org.jetbrains.kotlin.daemon.CompileServiceImpl.compile(I[Ljava/lang/String;Lorg/jetbrains/kotlin/daemon/common/CompilationOptions;Lorg/jetbrains/kotlin/daemon/common/CompilerServicesFacadeBase;Lorg/jetbrains/kotlin/daemon/common/CompilationResults;)Lorg/jetbrains/kotlin/daemon/common/CompileService$CallResult;+621
v  ~StubRoutines::call_stub
J 1690  sun.reflect.NativeMethodAccessorImpl.invoke0(Ljava/lang/reflect/Method;Ljava/lang/Object;[Ljava/lang/Object;)Ljava/lang/Object; (0 bytes) @ 0x0000000112de3d37 [0x0000000112de3cc0+0x77]
J 1689 C1 sun.reflect.NativeMethodAccessorImpl.invoke(Ljava/lang/Object;[Ljava/lang/Object;)Ljava/lang/Object; (104 bytes) @ 0x0000000112de347c [0x0000000112de30a0+0x3dc]
J 1204 C1 sun.reflect.DelegatingMethodAccessorImpl.invoke(Ljava/lang/Object;[Ljava/lang/Object;)Ljava/lang/Object; (10 bytes) @ 0x0000000112cd278c [0x0000000112cd2680+0x10c]
J 1203 C1 java.lang.reflect.Method.invoke(Ljava/lang/Object;[Ljava/lang/Object;)Ljava/lang/Object; (62 bytes) @ 0x0000000112cd2f5c [0x0000000112cd2b60+0x3fc]
j  sun.rmi.server.UnicastServerRef.dispatch(Ljava/rmi/Remote;Ljava/rmi/server/RemoteCall;)V+209
j  sun.rmi.transport.Transport$1.run()Ljava/lang/Void;+23
j  sun.rmi.transport.Transport$1.run()Ljava/lang/Object;+1
v  ~StubRoutines::call_stub
J 183  java.security.AccessController.doPrivileged(Ljava/security/PrivilegedExceptionAction;Ljava/security/AccessControlContext;)Ljava/lang/Object; (0 bytes) @ 0x0000000112a9e7a3 [0x0000000112a9e740+0x63]
j  sun.rmi.transport.Transport.serviceCall(Ljava/rmi/server/RemoteCall;)Z+157
j  sun.rmi.transport.tcp.TCPTransport.handleMessages(Lsun/rmi/transport/Connection;Z)V+185
j  sun.rmi.transport.tcp.TCPTransport$ConnectionHandler.run0()V+680
j  sun.rmi.transport.tcp.TCPTransport$ConnectionHandler.lambda$run$0()Ljava/lang/Void;+1
j  sun.rmi.transport.tcp.TCPTransport$ConnectionHandler$$Lambda$5.run()Ljava/lang/Object;+4
v  ~StubRoutines::call_stub
j  java.security.AccessController.doPrivileged(Ljava/security/PrivilegedAction;Ljava/security/AccessControlContext;)Ljava/lang/Object;+0
j  sun.rmi.transport.tcp.TCPTransport$ConnectionHandler.run()V+58
j  java.util.concurrent.ThreadPoolExecutor.runWorker(Ljava/util/concurrent/ThreadPoolExecutor$Worker;)V+95
j  java.util.concurrent.ThreadPoolExecutor$Worker.run()V+5
j  java.lang.Thread.run()V+11
v  ~StubRoutines::call_stub

---------------  P R O C E S S  ---------------

Java Threads: ( => current thread )
  0x00007fd1f5977000 JavaThread "RMI RenewClean-[localhost:62743,org.jetbrains.kotlin.daemon.common.LoopbackNetworkInterface$ClientLoopbackSocketFactory@1d45510f]" daemon [_thread_blocked, id=24323, stack(0x0000700011130000,0x0000700011230000)]
=>0x00007fd1f3aff000 JavaThread "RMI TCP Connection(4)-127.0.0.1" daemon [_thread_in_native, id=41223, stack(0x0000700010f2a000,0x000070001102a000)]
  0x00007fd1f9305000 JavaThread "RMI RenewClean-[localhost:62743,org.jetbrains.kotlin.daemon.common.LoopbackNetworkInterface$ClientLoopbackSocketFactory@7ea58576]" daemon [_thread_blocked, id=24067, stack(0x000070001102d000,0x000070001112d000)]
  0x00007fd1f6219000 JavaThread "RMI TCP Connection(3)-127.0.0.1" daemon [_thread_in_native, id=42759, stack(0x0000700010918000,0x0000700010a18000)]
  0x00007fd1f7810800 JavaThread "RMI TCP Connection(2)-127.0.0.1" daemon [_thread_in_native, id=41475, stack(0x0000700010e27000,0x0000700010f27000)]
  0x00007fd1f5893000 JavaThread "RMI Scheduler(0)" daemon [_thread_blocked, id=23299, stack(0x0000700010d24000,0x0000700010e24000)]
  0x00007fd1f602a000 JavaThread "RMI TCP Connection(1)-127.0.0.1" daemon [_thread_in_native, id=41987, stack(0x0000700010c21000,0x0000700010d21000)]
  0x00007fd1f38c5000 JavaThread "DestroyJavaVM" [_thread_blocked, id=9475, stack(0x000070000f3d9000,0x000070000f4d9000)]
  0x00007fd1f4905800 JavaThread "GC Daemon" daemon [_thread_blocked, id=22787, stack(0x0000700010b1e000,0x0000700010c1e000)]
  0x00007fd1f4905000 JavaThread "RMI Reaper" [_thread_blocked, id=42499, stack(0x0000700010a1b000,0x0000700010b1b000)]
  0x00007fd1f38a9000 JavaThread "Timer-0" daemon [_thread_blocked, id=22275, stack(0x0000700010815000,0x0000700010915000)]
  0x00007fd1f3891000 JavaThread "RMI TCP Accept-17960" daemon [_thread_in_native, id=43267, stack(0x0000700010712000,0x0000700010812000)]
  0x00007fd1f501b800 JavaThread "Service Thread" daemon [_thread_blocked, id=16387, stack(0x000070001050c000,0x000070001060c000)]
  0x00007fd1f501b000 JavaThread "C1 CompilerThread3" daemon [_thread_blocked, id=15619, stack(0x0000700010409000,0x0000700010509000)]
  0x00007fd1f501a000 JavaThread "C2 CompilerThread2" daemon [_thread_blocked, id=15363, stack(0x0000700010306000,0x0000700010406000)]
  0x00007fd1f5019800 JavaThread "C2 CompilerThread1" daemon [_thread_in_native, id=17155, stack(0x0000700010203000,0x0000700010303000)]
  0x00007fd1f5018000 JavaThread "C2 CompilerThread0" daemon [_thread_blocked, id=14595, stack(0x0000700010100000,0x0000700010200000)]
  0x00007fd1f5017000 JavaThread "Signal Dispatcher" daemon [_thread_blocked, id=17419, stack(0x000070000fffd000,0x00007000100fd000)]
  0x00007fd1f3850000 JavaThread "Finalizer" daemon [_thread_blocked, id=12547, stack(0x000070000fefa000,0x000070000fffa000)]
  0x00007fd1f4809800 JavaThread "Reference Handler" daemon [_thread_blocked, id=19459, stack(0x000070000fdf7000,0x000070000fef7000)]

Other Threads:
  0x00007fd1f5805800 VMThread [stack: 0x000070000fcf4000,0x000070000fdf4000] [id=12291]
  0x00007fd1f501c800 WatcherThread [stack: 0x000070001060f000,0x000070001070f000] [id=16131]

VM state:not at safepoint (normal execution)

VM Mutex/Monitor currently owned by a thread: None

Heap:
 PSYoungGen      total 258048K, used 31137K [0x00000007a0000000, 0x00000007b3a00000, 0x00000007c0000000)
  eden space 219648K, 14% used [0x00000007a0000000,0x00000007a1e686e0,0x00000007ad680000)
  from space 38400K, 0% used [0x00000007b0100000,0x00000007b0100000,0x00000007b2680000)
  to   space 43520K, 0% used [0x00000007ad680000,0x00000007ad680000,0x00000007b0100000)
 ParOldGen       total 216576K, used 37867K [0x0000000760000000, 0x000000076d380000, 0x00000007a0000000)
  object space 216576K, 17% used [0x0000000760000000,0x00000007624faea0,0x000000076d380000)
 Metaspace       used 59599K, capacity 60713K, committed 60968K, reserved 1103872K
  class space    used 7153K, capacity 7419K, committed 7472K, reserved 1048576K

Card table byte_map: [0x0000000109228000,0x0000000109529000] byte_map_base: 0x0000000105728000

Marking Bits: (ParMarkBitMap*) 0x0000000108bf81c8
 Begin Bits: [0x0000000109729000, 0x000000010af29000)
 End Bits:   [0x000000010af29000, 0x000000010c729000)

Polling page: 0x00000001072e6000

CodeCache: size=245760Kb used=26600Kb max_used=27017Kb free=219159Kb
 bounds [0x0000000112929000, 0x00000001143b9000, 0x0000000121929000]
 total_blobs=8700 nmethods=8163 adapters=449
 compilation: enabled

Compilation events (10 events):
Event: 5.409 Thread 0x00007fd1f501b000 9435       3       com.sun.org.apache.xerces.internal.util.AugmentationsImpl$SmallContainer::clear (41 bytes)
Event: 5.409 Thread 0x00007fd1f5019800 9436   !   4       java.security.SecureClassLoader::getProtectionDomain (114 bytes)
Event: 5.409 Thread 0x00007fd1f501b000 nmethod 9435 0x0000000113580e10 code [0x0000000113580fa0, 0x0000000113581450]
Event: 5.409 Thread 0x00007fd1f501b000 9434       3       com.sun.org.apache.xerces.internal.util.AugmentationsImpl::removeAllItems (8 bytes)
Event: 5.409 Thread 0x00007fd1f501b000 nmethod 9434 0x0000000113ff48d0 code [0x0000000113ff4a40, 0x0000000113ff4c68]
Event: 5.410 Thread 0x00007fd1f501a000 9437       4       java.lang.ReflectiveOperationException::<init> (7 bytes)
Event: 5.411 Thread 0x00007fd1f501b000 9438       1       java.net.URL::getUserInfo (5 bytes)
Event: 5.411 Thread 0x00007fd1f501b000 nmethod 9438 0x0000000113dc4750 code [0x0000000113dc48a0, 0x0000000113dc49b0]
Event: 5.412 Thread 0x00007fd1f501a000 nmethod 9437 0x0000000113ffc190 code [0x0000000113ffc300, 0x0000000113ffc688]
Event: 5.412 Thread 0x00007fd1f501b000 9439       3       java.net.URI::quote (208 bytes)

GC Heap History (10 events):
Event: 1.843 GC heap before
{Heap before GC invocations=8 (full 3):
 PSYoungGen      total 141824K, used 10738K [0x00000007a0000000, 0x00000007ac300000, 0x00000007c0000000)
  eden space 131072K, 0% used [0x00000007a0000000,0x00000007a0000000,0x00000007a8000000)
  from space 10752K, 99% used [0x00000007a8000000,0x00000007a8a7cb20,0x00000007a8a80000)
  to   space 10752K, 0% used [0x00000007ab880000,0x00000007ab880000,0x00000007ac300000)
 ParOldGen       total 94208K, used 17114K [0x0000000760000000, 0x0000000765c00000, 0x00000007a0000000)
  object space 94208K, 18% used [0x0000000760000000,0x00000007610b6930,0x0000000765c00000)
 Metaspace       used 34730K, capacity 35176K, committed 35496K, reserved 1081344K
  class space    used 4366K, capacity 4484K, committed 4528K, reserved 1048576K
Event: 1.899 GC heap after
Heap after GC invocations=8 (full 3):
 PSYoungGen      total 141824K, used 0K [0x00000007a0000000, 0x00000007ac300000, 0x00000007c0000000)
  eden space 131072K, 0% used [0x00000007a0000000,0x00000007a0000000,0x00000007a8000000)
  from space 10752K, 0% used [0x00000007a8000000,0x00000007a8000000,0x00000007a8a80000)
  to   space 10752K, 0% used [0x00000007ab880000,0x00000007ab880000,0x00000007ac300000)
 ParOldGen       total 159232K, used 23348K [0x0000000760000000, 0x0000000769b80000, 0x00000007a0000000)
  object space 159232K, 14% used [0x0000000760000000,0x00000007616cd2f0,0x0000000769b80000)
 Metaspace       used 34730K, capacity 35176K, committed 35496K, reserved 1081344K
  class space    used 4366K, capacity 4484K, committed 4528K, reserved 1048576K
}
Event: 3.228 GC heap before
{Heap before GC invocations=9 (full 3):
 PSYoungGen      total 141824K, used 131072K [0x00000007a0000000, 0x00000007ac300000, 0x00000007c0000000)
  eden space 131072K, 100% used [0x00000007a0000000,0x00000007a8000000,0x00000007a8000000)
  from space 10752K, 0% used [0x00000007a8000000,0x00000007a8000000,0x00000007a8a80000)
  to   space 10752K, 0% used [0x00000007ab880000,0x00000007ab880000,0x00000007ac300000)
 ParOldGen       total 159232K, used 23348K [0x0000000760000000, 0x0000000769b80000, 0x00000007a0000000)
  object space 159232K, 14% used [0x0000000760000000,0x00000007616cd2f0,0x0000000769b80000)
 Metaspace       used 46200K, capacity 46961K, committed 47272K, reserved 1091584K
  class space    used 5777K, capacity 5966K, committed 6064K, reserved 1048576K
Event: 3.245 GC heap after
Heap after GC invocations=9 (full 3):
 PSYoungGen      total 168960K, used 10730K [0x00000007a0000000, 0x00000007af700000, 0x00000007c0000000)
  eden space 158208K, 0% used [0x00000007a0000000,0x00000007a0000000,0x00000007a9a80000)
  from space 10752K, 99% used [0x00000007ab880000,0x00000007ac2fa8c8,0x00000007ac300000)
  to   space 30720K, 0% used [0x00000007a9a80000,0x00000007a9a80000,0x00000007ab880000)
 ParOldGen       total 159232K, used 39097K [0x0000000760000000, 0x0000000769b80000, 0x00000007a0000000)
  object space 159232K, 24% used [0x0000000760000000,0x000000076262e5b8,0x0000000769b80000)
 Metaspace       used 46200K, capacity 46961K, committed 47272K, reserved 1091584K
  class space    used 5777K, capacity 5966K, committed 6064K, reserved 1048576K
}
Event: 4.665 GC heap before
{Heap before GC invocations=10 (full 3):
 PSYoungGen      total 168960K, used 168938K [0x00000007a0000000, 0x00000007af700000, 0x00000007c0000000)
  eden space 158208K, 100% used [0x00000007a0000000,0x00000007a9a80000,0x00000007a9a80000)
  from space 10752K, 99% used [0x00000007ab880000,0x00000007ac2fa8c8,0x00000007ac300000)
  to   space 30720K, 0% used [0x00000007a9a80000,0x00000007a9a80000,0x00000007ab880000)
 ParOldGen       total 159232K, used 39097K [0x0000000760000000, 0x0000000769b80000, 0x00000007a0000000)
  object space 159232K, 24% used [0x0000000760000000,0x000000076262e5b8,0x0000000769b80000)
 Metaspace       used 55184K, capacity 56263K, committed 56616K, reserved 1099776K
  class space    used 6632K, capacity 6861K, committed 6960K, reserved 1048576K
Event: 4.686 GC heap after
Heap after GC invocations=10 (full 3):
 PSYoungGen      total 188928K, used 30718K [0x00000007a0000000, 0x00000007b2680000, 0x00000007c0000000)
  eden space 158208K, 0% used [0x00000007a0000000,0x00000007a0000000,0x00000007a9a80000)
  from space 30720K, 99% used [0x00000007a9a80000,0x00000007ab87fac8,0x00000007ab880000)
  to   space 38400K, 0% used [0x00000007b0100000,0x00000007b0100000,0x00000007b2680000)
 ParOldGen       total 159232K, used 41639K [0x0000000760000000, 0x0000000769b80000, 0x00000007a0000000)
  object space 159232K, 26% used [0x0000000760000000,0x00000007628a9d28,0x0000000769b80000)
 Metaspace       used 55184K, capacity 56263K, committed 56616K, reserved 1099776K
  class space    used 6632K, capacity 6861K, committed 6960K, reserved 1048576K
}
Event: 4.993 GC heap before
{Heap before GC invocations=11 (full 3):
 PSYoungGen      total 188928K, used 82641K [0x00000007a0000000, 0x00000007b2680000, 0x00000007c0000000)
  eden space 158208K, 32% used [0x00000007a0000000,0x00000007a32b4cc8,0x00000007a9a80000)
  from space 30720K, 99% used [0x00000007a9a80000,0x00000007ab87fac8,0x00000007ab880000)
  to   space 38400K, 0% used [0x00000007b0100000,0x00000007b0100000,0x00000007b2680000)
 ParOldGen       total 159232K, used 41639K [0x0000000760000000, 0x0000000769b80000, 0x00000007a0000000)
  object space 159232K, 26% used [0x0000000760000000,0x00000007628a9d28,0x0000000769b80000)
 Metaspace       used 57881K, capacity 58969K, committed 59160K, reserved 1101824K
  class space    used 6986K, capacity 7247K, committed 7344K, reserved 1048576K
Event: 5.014 GC heap after
Heap after GC invocations=11 (full 3):
 PSYoungGen      total 258048K, used 34570K [0x00000007a0000000, 0x00000007b3a00000, 0x00000007c0000000)
  eden space 219648K, 0% used [0x00000007a0000000,0x00000007a0000000,0x00000007ad680000)
  from space 38400K, 90% used [0x00000007b0100000,0x00000007b22c2888,0x00000007b2680000)
  to   space 43520K, 0% used [0x00000007ad680000,0x00000007ad680000,0x00000007b0100000)
 ParOldGen       total 159232K, used 41717K [0x0000000760000000, 0x0000000769b80000, 0x00000007a0000000)
  object space 159232K, 26% used [0x0000000760000000,0x00000007628bd4c8,0x0000000769b80000)
 Metaspace       used 57881K, capacity 58969K, committed 59160K, reserved 1101824K
  class space    used 6986K, capacity 7247K, committed 7344K, reserved 1048576K
}
Event: 5.014 GC heap before
{Heap before GC invocations=12 (full 4):
 PSYoungGen      total 258048K, used 34570K [0x00000007a0000000, 0x00000007b3a00000, 0x00000007c0000000)
  eden space 219648K, 0% used [0x00000007a0000000,0x00000007a0000000,0x00000007ad680000)
  from space 38400K, 90% used [0x00000007b0100000,0x00000007b22c2888,0x00000007b2680000)
  to   space 43520K, 0% used [0x00000007ad680000,0x00000007ad680000,0x00000007b0100000)
 ParOldGen       total 159232K, used 41717K [0x0000000760000000, 0x0000000769b80000, 0x00000007a0000000)
  object space 159232K, 26% used [0x0000000760000000,0x00000007628bd4c8,0x0000000769b80000)
 Metaspace       used 57881K, capacity 58969K, committed 59160K, reserved 1101824K
  class space    used 6986K, capacity 7247K, committed 7344K, reserved 1048576K
Event: 5.108 GC heap after
Heap after GC invocations=12 (full 4):
 PSYoungGen      total 258048K, used 0K [0x00000007a0000000, 0x00000007b3a00000, 0x00000007c0000000)
  eden space 219648K, 0% used [0x00000007a0000000,0x00000007a0000000,0x00000007ad680000)
  from space 38400K, 0% used [0x00000007b0100000,0x00000007b0100000,0x00000007b2680000)
  to   space 43520K, 0% used [0x00000007ad680000,0x00000007ad680000,0x00000007b0100000)
 ParOldGen       total 216576K, used 37867K [0x0000000760000000, 0x000000076d380000, 0x00000007a0000000)
  object space 216576K, 17% used [0x0000000760000000,0x00000007624faea0,0x000000076d380000)
 Metaspace       used 57881K, capacity 58969K, committed 59160K, reserved 1101824K
  class space    used 6986K, capacity 7247K, committed 7344K, reserved 1048576K
}

Deoptimization events (10 events):
Event: 4.874 Thread 0x00007fd1f6219000 Uncommon trap: reason=class_check action=maybe_recompile pc=0x0000000112b898a8 method=java.lang.ClassLoader.loadClass(Ljava/lang/String;Z)Ljava/lang/Class; @ 38
Event: 5.151 Thread 0x00007fd1f6219000 Uncommon trap: reason=unstable_if action=reinterpret pc=0x0000000112dde9cc method=org.jetbrains.kotlin.resolve.calls.callUtil.CallUtilKt.getResolvedCall(Lorg/jetbrains/kotlin/psi/KtElement;Lorg/jetbrains/kotlin/resolve/BindingContext;)Lorg/jetbrains/kotli
Event: 5.152 Thread 0x00007fd1f6219000 Uncommon trap: reason=class_check action=maybe_recompile pc=0x0000000112dbe194 method=org.jetbrains.kotlin.resolve.calls.callUtil.CallUtilKt.getCall(Lorg/jetbrains/kotlin/psi/KtElement;Lorg/jetbrains/kotlin/resolve/BindingContext;)Lorg/jetbrains/kotlin/ps
Event: 5.158 Thread 0x00007fd1f6219000 Uncommon trap: reason=class_check action=maybe_recompile pc=0x0000000112dbe194 method=org.jetbrains.kotlin.resolve.calls.callUtil.CallUtilKt.getCall(Lorg/jetbrains/kotlin/psi/KtElement;Lorg/jetbrains/kotlin/resolve/BindingContext;)Lorg/jetbrains/kotlin/ps
Event: 5.170 Thread 0x00007fd1f6219000 Uncommon trap: reason=unstable_if action=reinterpret pc=0x0000000112bd7dc4 method=java.lang.String.lastIndexOf([CII[CIII)I @ 118
Event: 5.179 Thread 0x00007fd1f6219000 Uncommon trap: reason=speculate_class_check action=maybe_recompile pc=0x0000000114001d64 method=org.jetbrains.kotlin.gnu.trove.THash.postInsertHook(Z)V @ 60
Event: 5.179 Thread 0x00007fd1f6219000 Uncommon trap: reason=speculate_class_check action=maybe_recompile pc=0x0000000114001d64 method=org.jetbrains.kotlin.gnu.trove.THash.postInsertHook(Z)V @ 60
Event: 5.179 Thread 0x00007fd1f6219000 Uncommon trap: reason=speculate_class_check action=maybe_recompile pc=0x0000000114001d64 method=org.jetbrains.kotlin.gnu.trove.THash.postInsertHook(Z)V @ 60
Event: 5.179 Thread 0x00007fd1f6219000 Uncommon trap: reason=speculate_class_check action=maybe_recompile pc=0x0000000114001d64 method=org.jetbrains.kotlin.gnu.trove.THash.postInsertHook(Z)V @ 60
Event: 5.356 Thread 0x00007fd1f3aff000 Uncommon trap: reason=class_check action=maybe_recompile pc=0x00000001133a3dd4 method=java.security.SecureClassLoader.getProtectionDomain(Ljava/security/CodeSource;)Ljava/security/ProtectionDomain; @ 33

Classes redefined (0 events):
No events

Internal exceptions (10 events):
Event: 5.186 Thread 0x00007fd1f6219000 Exception <a 'java/lang/reflect/InvocationTargetException'> (0x00000007a0658e58) thrown at [/Volumes/android/AOSP-openjdk-git/jdk8u/hotspot/src/share/vm/runtime/reflection.cpp, line 1092]
Event: 5.188 Thread 0x00007fd1f6219000 Exception <a 'sun/nio/fs/UnixException'> (0x00000007a0676370) thrown at [/Volumes/android/AOSP-openjdk-git/jdk8u/hotspot/src/share/vm/prims/jni.cpp, line 709]
Event: 5.188 Thread 0x00007fd1f6219000 Exception <a 'java/lang/reflect/InvocationTargetException'> (0x00000007a0676ce0) thrown at [/Volumes/android/AOSP-openjdk-git/jdk8u/hotspot/src/share/vm/runtime/reflection.cpp, line 1092]
Event: 5.190 Thread 0x00007fd1f6219000 Exception <a 'sun/nio/fs/UnixException'> (0x00000007a0692798) thrown at [/Volumes/android/AOSP-openjdk-git/jdk8u/hotspot/src/share/vm/prims/jni.cpp, line 709]
Event: 5.192 Thread 0x00007fd1f6219000 Exception <a 'sun/nio/fs/UnixException'> (0x00000007a06a7a70) thrown at [/Volumes/android/AOSP-openjdk-git/jdk8u/hotspot/src/share/vm/prims/jni.cpp, line 709]
Event: 5.194 Thread 0x00007fd1f6219000 Exception <a 'sun/nio/fs/UnixException'> (0x00000007a06c64d0) thrown at [/Volumes/android/AOSP-openjdk-git/jdk8u/hotspot/src/share/vm/prims/jni.cpp, line 709]
Event: 5.196 Thread 0x00007fd1f6219000 Exception <a 'sun/nio/fs/UnixException'> (0x00000007a06deed0) thrown at [/Volumes/android/AOSP-openjdk-git/jdk8u/hotspot/src/share/vm/prims/jni.cpp, line 709]
Event: 5.199 Thread 0x00007fd1f6219000 Exception <a 'sun/nio/fs/UnixException'> (0x00000007a06fd760) thrown at [/Volumes/android/AOSP-openjdk-git/jdk8u/hotspot/src/share/vm/prims/jni.cpp, line 709]
Event: 5.201 Thread 0x00007fd1f6219000 Exception <a 'sun/nio/fs/UnixException'> (0x00000007a071e5e0) thrown at [/Volumes/android/AOSP-openjdk-git/jdk8u/hotspot/src/share/vm/prims/jni.cpp, line 709]
Event: 5.354 Thread 0x00007fd1f5977000 Exception <a 'java/lang/InterruptedException'> (0x00000007a0c248b0) thrown at [/Volumes/android/AOSP-openjdk-git/jdk8u/hotspot/src/share/vm/runtime/objectMonitor.cpp, line 1684]

Events (10 events):
Event: 5.410 loading class org/jetbrains/kotlin/analyzer/AnalysisResult
Event: 5.410 loading class org/jetbrains/kotlin/analyzer/AnalysisResult done
Event: 5.410 loading class org/jetbrains/kotlin/analyzer/AnalysisResult$Companion
Event: 5.410 loading class org/jetbrains/kotlin/analyzer/AnalysisResult$Companion done
Event: 5.410 loading class org/jetbrains/kotlin/kapt3/AbstractKapt3Extension$analysisCompleted$1
Event: 5.410 loading class org/jetbrains/kotlin/kapt3/AbstractKapt3Extension$analysisCompleted$1 done
Event: 5.411 loading class org/jetbrains/kotlin/com/intellij/ide/ClassUtilCore
Event: 5.411 loading class org/jetbrains/kotlin/com/intellij/ide/ClassUtilCore done
Event: 5.411 Executing VM operation: RevokeBias
Event: 5.411 Executing VM operation: RevokeBias done


Dynamic libraries:
0x000000002ebb7000 	/System/Library/Frameworks/Cocoa.framework/Versions/A/Cocoa
0x000000002ebb7000 	/System/Library/Frameworks/Security.framework/Versions/A/Security
0x000000002ebb7000 	/System/Library/Frameworks/ApplicationServices.framework/Versions/A/ApplicationServices
0x000000002ebb7000 	/usr/lib/libz.1.dylib
0x000000002ebb7000 	/usr/lib/libSystem.B.dylib
0x000000002ebb7000 	/System/Library/Frameworks/CoreFoundation.framework/Versions/A/CoreFoundation
0x000000002ebb7000 	/System/Library/Frameworks/Foundation.framework/Versions/C/Foundation
0x000000002ebb7000 	/usr/lib/libobjc.A.dylib
0x000000002ebb7000 	/System/Library/Frameworks/AppKit.framework/Versions/C/AppKit
0x000000002ebb7000 	/System/Library/Frameworks/CoreData.framework/Versions/A/CoreData
0x000000002ebb7000 	/System/Library/PrivateFrameworks/RemoteViewServices.framework/Versions/A/RemoteViewServices
0x000000002ebb7000 	/System/Library/PrivateFrameworks/UIFoundation.framework/Versions/A/UIFoundation
0x000000002ebb7000 	/System/Library/PrivateFrameworks/DFRFoundation.framework/Versions/A/DFRFoundation
0x000000002ebb7000 	/System/Library/Frameworks/Metal.framework/Versions/A/Metal
0x000000002ebb7000 	/System/Library/PrivateFrameworks/DesktopServicesPriv.framework/Versions/A/DesktopServicesPriv
0x000000002ebb7000 	/usr/lib/libenergytrace.dylib
0x000000002ebb7000 	/System/Library/PrivateFrameworks/SkyLight.framework/Versions/A/SkyLight
0x000000002ebb7000 	/System/Library/Frameworks/CoreGraphics.framework/Versions/A/CoreGraphics
0x000000002ebb7000 	/usr/lib/libScreenReader.dylib
0x000000002ebb7000 	/System/Library/Frameworks/Accelerate.framework/Versions/A/Accelerate
0x000000002ebb7000 	/System/Library/Frameworks/IOSurface.framework/Versions/A/IOSurface
0x000000002ebb7000 	/System/Library/Frameworks/AudioToolbox.framework/Versions/A/AudioToolbox
0x000000002ebb7000 	/System/Library/Frameworks/AudioUnit.framework/Versions/A/AudioUnit
0x000000002ebb7000 	/System/Library/PrivateFrameworks/DataDetectorsCore.framework/Versions/A/DataDetectorsCore
0x000000002ebb7000 	/System/Library/Frameworks/Carbon.framework/Versions/A/Frameworks/HIToolbox.framework/Versions/A/HIToolbox
0x000000002ebb7000 	/usr/lib/libicucore.A.dylib
0x000000002ebb7000 	/System/Library/Frameworks/QuartzCore.framework/Versions/A/QuartzCore
0x000000002ebb7000 	/System/Library/PrivateFrameworks/SignpostNotification.framework/Versions/A/SignpostNotification
0x000000002ebb7000 	/System/Library/Frameworks/Carbon.framework/Versions/A/Frameworks/SpeechRecognition.framework/Versions/A/SpeechRecognition
0x000000002ebb7000 	/usr/lib/libauto.dylib
0x000000002ebb7000 	/usr/lib/libxml2.2.dylib
0x000000002ebb7000 	/System/Library/PrivateFrameworks/CoreUI.framework/Versions/A/CoreUI
0x000000002ebb7000 	/System/Library/Frameworks/CoreAudio.framework/Versions/A/CoreAudio
0x000000002ebb7000 	/System/Library/Frameworks/DiskArbitration.framework/Versions/A/DiskArbitration
0x000000002ebb7000 	/usr/lib/liblangid.dylib
0x000000002ebb7000 	/System/Library/PrivateFrameworks/MultitouchSupport.framework/Versions/A/MultitouchSupport
0x000000002ebb7000 	/System/Library/Frameworks/IOKit.framework/Versions/A/IOKit
0x000000002ebb7000 	/usr/lib/libDiagnosticMessagesClient.dylib
0x000000002ebb7000 	/System/Library/Frameworks/CoreServices.framework/Versions/A/CoreServices
0x000000002ebb7000 	/System/Library/PrivateFrameworks/PerformanceAnalysis.framework/Versions/A/PerformanceAnalysis
0x000000002ebb7000 	/System/Library/Frameworks/OpenGL.framework/Versions/A/OpenGL
0x000000002ebb7000 	/System/Library/Frameworks/ColorSync.framework/Versions/A/ColorSync
0x000000002ebb7000 	/System/Library/Frameworks/CoreImage.framework/Versions/A/CoreImage
0x000000002ebb7000 	/System/Library/Frameworks/CoreText.framework/Versions/A/CoreText
0x000000002ebb7000 	/System/Library/Frameworks/ImageIO.framework/Versions/A/ImageIO
0x000000002ebb7000 	/System/Library/PrivateFrameworks/Backup.framework/Versions/A/Backup
0x000000002ebb7000 	/usr/lib/libarchive.2.dylib
0x000000002ebb7000 	/System/Library/Frameworks/CFNetwork.framework/Versions/A/CFNetwork
0x000000002ebb7000 	/System/Library/Frameworks/SystemConfiguration.framework/Versions/A/SystemConfiguration
0x000000002ebb7000 	/usr/lib/libCRFSuite.dylib
0x000000002ebb7000 	/usr/lib/libc++.1.dylib
0x000000002ebb7000 	/usr/lib/libc++abi.dylib
0x000000002ebb7000 	/usr/lib/system/libcache.dylib
0x000000002ebb7000 	/usr/lib/system/libcommonCrypto.dylib
0x000000002ebb7000 	/usr/lib/system/libcompiler_rt.dylib
0x000000002ebb7000 	/usr/lib/system/libcopyfile.dylib
0x000000002ebb7000 	/usr/lib/system/libcorecrypto.dylib
0x000000002ebb7000 	/usr/lib/system/libdispatch.dylib
0x000000002ebb7000 	/usr/lib/system/libdyld.dylib
0x000000002ebb7000 	/usr/lib/system/libkeymgr.dylib
0x000000002ebb7000 	/usr/lib/system/liblaunch.dylib
0x000000002ebb7000 	/usr/lib/system/libmacho.dylib
0x000000002ebb7000 	/usr/lib/system/libquarantine.dylib
0x000000002ebb7000 	/usr/lib/system/libremovefile.dylib
0x000000002ebb7000 	/usr/lib/system/libsystem_asl.dylib
0x000000002ebb7000 	/usr/lib/system/libsystem_blocks.dylib
0x000000002ebb7000 	/usr/lib/system/libsystem_c.dylib
0x000000002ebb7000 	/usr/lib/system/libsystem_configuration.dylib
0x000000002ebb7000 	/usr/lib/system/libsystem_coreservices.dylib
0x000000002ebb7000 	/usr/lib/system/libsystem_darwin.dylib
0x000000002ebb7000 	/usr/lib/system/libsystem_dnssd.dylib
0x000000002ebb7000 	/usr/lib/system/libsystem_info.dylib
0x000000002ebb7000 	/usr/lib/system/libsystem_m.dylib
0x000000002ebb7000 	/usr/lib/system/libsystem_malloc.dylib
0x000000002ebb7000 	/usr/lib/system/libsystem_network.dylib
0x000000002ebb7000 	/usr/lib/system/libsystem_networkextension.dylib
0x000000002ebb7000 	/usr/lib/system/libsystem_notify.dylib
0x000000002ebb7000 	/usr/lib/system/libsystem_sandbox.dylib
0x000000002ebb7000 	/usr/lib/system/libsystem_secinit.dylib
0x000000002ebb7000 	/usr/lib/system/libsystem_kernel.dylib
0x000000002ebb7000 	/usr/lib/system/libsystem_platform.dylib
0x000000002ebb7000 	/usr/lib/system/libsystem_pthread.dylib
0x000000002ebb7000 	/usr/lib/system/libsystem_symptoms.dylib
0x000000002ebb7000 	/usr/lib/system/libsystem_trace.dylib
0x000000002ebb7000 	/usr/lib/system/libunwind.dylib
0x000000002ebb7000 	/usr/lib/system/libxpc.dylib
0x000000002ebb7000 	/usr/lib/closure/libclosured.dylib
0x000000002ebb7000 	/usr/lib/libbsm.0.dylib
0x000000002ebb7000 	/usr/lib/system/libkxld.dylib
0x000000002ebb7000 	/usr/lib/libOpenScriptingUtil.dylib
0x000000002ebb7000 	/usr/lib/libcoretls.dylib
0x000000002ebb7000 	/usr/lib/libcoretls_cfhelpers.dylib
0x000000002ebb7000 	/usr/lib/libpam.2.dylib
0x000000002ebb7000 	/usr/lib/libsqlite3.dylib
0x000000002ebb7000 	/usr/lib/libxar.1.dylib
0x000000002ebb7000 	/usr/lib/libbz2.1.0.dylib
0x000000002ebb7000 	/usr/lib/liblzma.5.dylib
0x000000002ebb7000 	/usr/lib/libnetwork.dylib
0x000000002ebb7000 	/usr/lib/libapple_nghttp2.dylib
0x000000002ebb7000 	/usr/lib/libpcap.A.dylib
0x000000002ebb7000 	/usr/lib/libboringssl.dylib
0x000000002ebb7000 	/usr/lib/libusrtcp.dylib
0x000000002ebb7000 	/usr/lib/libapple_crypto.dylib
0x000000002ebb7000 	/System/Library/Frameworks/CoreServices.framework/Versions/A/Frameworks/FSEvents.framework/Versions/A/FSEvents
0x000000002ebb7000 	/System/Library/Frameworks/CoreServices.framework/Versions/A/Frameworks/CarbonCore.framework/Versions/A/CarbonCore
0x000000002ebb7000 	/System/Library/Frameworks/CoreServices.framework/Versions/A/Frameworks/Metadata.framework/Versions/A/Metadata
0x000000002ebb7000 	/System/Library/Frameworks/CoreServices.framework/Versions/A/Frameworks/OSServices.framework/Versions/A/OSServices
0x000000002ebb7000 	/System/Library/Frameworks/CoreServices.framework/Versions/A/Frameworks/SearchKit.framework/Versions/A/SearchKit
0x000000002ebb7000 	/System/Library/Frameworks/CoreServices.framework/Versions/A/Frameworks/AE.framework/Versions/A/AE
0x000000002ebb7000 	/System/Library/Frameworks/CoreServices.framework/Versions/A/Frameworks/LaunchServices.framework/Versions/A/LaunchServices
0x000000002ebb7000 	/System/Library/Frameworks/CoreServices.framework/Versions/A/Frameworks/DictionaryServices.framework/Versions/A/DictionaryServices
0x000000002ebb7000 	/System/Library/Frameworks/CoreServices.framework/Versions/A/Frameworks/SharedFileList.framework/Versions/A/SharedFileList
0x000000002ebb7000 	/System/Library/Frameworks/NetFS.framework/Versions/A/NetFS
0x000000002ebb7000 	/System/Library/PrivateFrameworks/NetAuth.framework/Versions/A/NetAuth
0x000000002ebb7000 	/System/Library/PrivateFrameworks/login.framework/Versions/A/Frameworks/loginsupport.framework/Versions/A/loginsupport
0x000000002ebb7000 	/System/Library/PrivateFrameworks/TCC.framework/Versions/A/TCC
0x000000002ebb7000 	/usr/lib/libmecabra.dylib
0x000000002ebb7000 	/System/Library/Frameworks/ApplicationServices.framework/Versions/A/Frameworks/ATS.framework/Versions/A/ATS
0x000000002ebb7000 	/System/Library/Frameworks/ApplicationServices.framework/Versions/A/Frameworks/ColorSyncLegacy.framework/Versions/A/ColorSyncLegacy
0x000000002ebb7000 	/System/Library/Frameworks/ApplicationServices.framework/Versions/A/Frameworks/HIServices.framework/Versions/A/HIServices
0x000000002ebb7000 	/System/Library/Frameworks/ApplicationServices.framework/Versions/A/Frameworks/LangAnalysis.framework/Versions/A/LangAnalysis
0x000000002ebb7000 	/System/Library/Frameworks/ApplicationServices.framework/Versions/A/Frameworks/PrintCore.framework/Versions/A/PrintCore
0x000000002ebb7000 	/System/Library/Frameworks/ApplicationServices.framework/Versions/A/Frameworks/QD.framework/Versions/A/QD
0x000000002ebb7000 	/System/Library/Frameworks/ApplicationServices.framework/Versions/A/Frameworks/SpeechSynthesis.framework/Versions/A/SpeechSynthesis
0x000000002ebb7000 	/System/Library/Frameworks/CoreDisplay.framework/Versions/A/CoreDisplay
0x000000002ebb7000 	/System/Library/Frameworks/Accelerate.framework/Versions/A/Frameworks/vImage.framework/Versions/A/vImage
0x000000002ebb7000 	/System/Library/Frameworks/Accelerate.framework/Versions/A/Frameworks/vecLib.framework/Versions/A/vecLib
0x000000002ebb7000 	/System/Library/Frameworks/Accelerate.framework/Versions/A/Frameworks/vecLib.framework/Versions/A/libvDSP.dylib
0x000000002ebb7000 	/System/Library/Frameworks/Accelerate.framework/Versions/A/Frameworks/vecLib.framework/Versions/A/libBNNS.dylib
0x000000002ebb7000 	/System/Library/Frameworks/Accelerate.framework/Versions/A/Frameworks/vecLib.framework/Versions/A/libQuadrature.dylib
0x000000002ebb7000 	/System/Library/Frameworks/Accelerate.framework/Versions/A/Frameworks/vecLib.framework/Versions/A/libvMisc.dylib
0x000000002ebb7000 	/System/Library/Frameworks/Accelerate.framework/Versions/A/Frameworks/vecLib.framework/Versions/A/libLAPACK.dylib
0x000000002ebb7000 	/System/Library/Frameworks/Accelerate.framework/Versions/A/Frameworks/vecLib.framework/Versions/A/libBLAS.dylib
0x000000002ebb7000 	/System/Library/Frameworks/Accelerate.framework/Versions/A/Frameworks/vecLib.framework/Versions/A/libLinearAlgebra.dylib
0x000000002ebb7000 	/System/Library/Frameworks/Accelerate.framework/Versions/A/Frameworks/vecLib.framework/Versions/A/libSparse.dylib
0x000000002ebb7000 	/System/Library/Frameworks/Accelerate.framework/Versions/A/Frameworks/vecLib.framework/Versions/A/libSparseBLAS.dylib
0x000000002ebb7000 	/System/Library/PrivateFrameworks/GPUWrangler.framework/Versions/A/GPUWrangler
0x000000002ebb7000 	/System/Library/PrivateFrameworks/IOAccelerator.framework/Versions/A/IOAccelerator
0x000000002ebb7000 	/System/Library/PrivateFrameworks/IOPresentment.framework/Versions/A/IOPresentment
0x000000002ebb7000 	/System/Library/PrivateFrameworks/DSExternalDisplay.framework/Versions/A/DSExternalDisplay
0x000000002ebb7000 	/System/Library/Frameworks/OpenGL.framework/Versions/A/Libraries/libCoreFSCache.dylib
0x000000002ebb7000 	/System/Library/Frameworks/CoreVideo.framework/Versions/A/CoreVideo
0x000000002ebb7000 	/System/Library/PrivateFrameworks/GraphVisualizer.framework/Versions/A/GraphVisualizer
0x000000002ebb7000 	/System/Library/Frameworks/MetalPerformanceShaders.framework/Versions/A/MetalPerformanceShaders
0x000000002ebb7000 	/usr/lib/libFosl_dynamic.dylib
0x000000002ebb7000 	/System/Library/PrivateFrameworks/FaceCore.framework/Versions/A/FaceCore
0x000000002ebb7000 	/System/Library/Frameworks/OpenCL.framework/Versions/A/OpenCL
0x000000002ebb7000 	/usr/lib/libcompression.dylib
0x000000002ebb7000 	/System/Library/Frameworks/ApplicationServices.framework/Versions/A/Frameworks/ATS.framework/Versions/A/Resources/libFontParser.dylib
0x000000002ebb7000 	/System/Library/Frameworks/ApplicationServices.framework/Versions/A/Frameworks/ATS.framework/Versions/A/Resources/libFontRegistry.dylib
0x000000002ebb7000 	/System/Library/Frameworks/ImageIO.framework/Versions/A/Resources/libJPEG.dylib
0x000000002ebb7000 	/System/Library/Frameworks/ImageIO.framework/Versions/A/Resources/libTIFF.dylib
0x000000002ebb7000 	/System/Library/Frameworks/ImageIO.framework/Versions/A/Resources/libPng.dylib
0x000000002ebb7000 	/System/Library/Frameworks/ImageIO.framework/Versions/A/Resources/libGIF.dylib
0x000000002ebb7000 	/System/Library/Frameworks/ImageIO.framework/Versions/A/Resources/libJP2.dylib
0x000000002ebb7000 	/System/Library/Frameworks/ImageIO.framework/Versions/A/Resources/libRadiance.dylib
0x000000002ebb7000 	/System/Library/PrivateFrameworks/AppleJPEG.framework/Versions/A/AppleJPEG
0x000000002ebb7000 	/System/Library/Frameworks/MetalPerformanceShaders.framework/Frameworks/MPSCore.framework/Versions/A/MPSCore
0x000000002ebb7000 	/System/Library/Frameworks/MetalPerformanceShaders.framework/Frameworks/MPSImage.framework/Versions/A/MPSImage
0x000000002ebb7000 	/System/Library/Frameworks/MetalPerformanceShaders.framework/Frameworks/MPSNeuralNetwork.framework/Versions/A/MPSNeuralNetwork
0x000000002ebb7000 	/System/Library/Frameworks/MetalPerformanceShaders.framework/Frameworks/MPSMatrix.framework/Versions/A/MPSMatrix
0x000000002ebb7000 	/System/Library/PrivateFrameworks/MetalTools.framework/Versions/A/MetalTools
0x000000002ebb7000 	/System/Library/Frameworks/OpenGL.framework/Versions/A/Libraries/libGLU.dylib
0x000000002ebb7000 	/System/Library/Frameworks/OpenGL.framework/Versions/A/Libraries/libGFXShared.dylib
0x000000002ebb7000 	/System/Library/Frameworks/OpenGL.framework/Versions/A/Libraries/libGL.dylib
0x000000002ebb7000 	/System/Library/Frameworks/OpenGL.framework/Versions/A/Libraries/libGLImage.dylib
0x000000002ebb7000 	/System/Library/Frameworks/OpenGL.framework/Versions/A/Libraries/libCVMSPluginSupport.dylib
0x000000002ebb7000 	/System/Library/Frameworks/OpenGL.framework/Versions/A/Libraries/libCoreVMClient.dylib
0x000000002ebb7000 	/usr/lib/libcups.2.dylib
0x000000002ebb7000 	/System/Library/Frameworks/Kerberos.framework/Versions/A/Kerberos
0x000000002ebb7000 	/System/Library/Frameworks/GSS.framework/Versions/A/GSS
0x000000002ebb7000 	/usr/lib/libresolv.9.dylib
0x000000002ebb7000 	/usr/lib/libiconv.2.dylib
0x000000002ebb7000 	/System/Library/PrivateFrameworks/Heimdal.framework/Versions/A/Heimdal
0x000000002ebb7000 	/usr/lib/libheimdal-asn1.dylib
0x000000002ebb7000 	/System/Library/Frameworks/OpenDirectory.framework/Versions/A/OpenDirectory
0x000000002ebb7000 	/System/Library/PrivateFrameworks/CommonAuth.framework/Versions/A/CommonAuth
0x000000002ebb7000 	/System/Library/Frameworks/OpenDirectory.framework/Versions/A/Frameworks/CFOpenDirectory.framework/Versions/A/CFOpenDirectory
0x000000002ebb7000 	/System/Library/Frameworks/SecurityFoundation.framework/Versions/A/SecurityFoundation
0x000000002ebb7000 	/System/Library/PrivateFrameworks/APFS.framework/Versions/A/APFS
0x000000002ebb7000 	/usr/lib/libutil.dylib
0x000000002ebb7000 	/System/Library/PrivateFrameworks/AppleSauce.framework/Versions/A/AppleSauce
0x000000002ebb7000 	/System/Library/PrivateFrameworks/LinguisticData.framework/Versions/A/LinguisticData
0x000000002ebb7000 	/usr/lib/libmarisa.dylib
0x000000002ebb7000 	/System/Library/PrivateFrameworks/Lexicon.framework/Versions/A/Lexicon
0x000000002ebb7000 	/usr/lib/libChineseTokenizer.dylib
0x000000002ebb7000 	/usr/lib/libcmph.dylib
0x000000002ebb7000 	/System/Library/PrivateFrameworks/LanguageModeling.framework/Versions/A/LanguageModeling
0x000000002ebb7000 	/System/Library/PrivateFrameworks/CoreEmoji.framework/Versions/A/CoreEmoji
0x000000002ebb7000 	/System/Library/Frameworks/ServiceManagement.framework/Versions/A/ServiceManagement
0x000000002ebb7000 	/System/Library/PrivateFrameworks/BackgroundTaskManagement.framework/Versions/A/BackgroundTaskManagement
0x000000002ebb7000 	/usr/lib/libxslt.1.dylib
0x000000002ebb7000 	/System/Library/Frameworks/Carbon.framework/Versions/A/Frameworks/Ink.framework/Versions/A/Ink
0x000000002ebb7000 	/System/Library/PrivateFrameworks/TextureIO.framework/Versions/A/TextureIO
0x000000002ebb7000 	/usr/lib/libate.dylib
0x000000002ebb7000 	/System/Library/PrivateFrameworks/CrashReporterSupport.framework/Versions/A/CrashReporterSupport
0x000000002ebb7000 	/System/Library/PrivateFrameworks/Sharing.framework/Versions/A/Sharing
0x000000002ebb7000 	/System/Library/PrivateFrameworks/IconServices.framework/Versions/A/IconServices
0x000000002ebb7000 	/System/Library/PrivateFrameworks/Apple80211.framework/Versions/A/Apple80211
0x000000002ebb7000 	/System/Library/PrivateFrameworks/CoreUtils.framework/Versions/A/CoreUtils
0x000000002ebb7000 	/System/Library/Frameworks/CoreWLAN.framework/Versions/A/CoreWLAN
0x000000002ebb7000 	/System/Library/Frameworks/IOBluetooth.framework/Versions/A/IOBluetooth
0x000000002ebb7000 	/System/Library/PrivateFrameworks/ProtocolBuffer.framework/Versions/A/ProtocolBuffer
0x000000002ebb7000 	/System/Library/PrivateFrameworks/CoreWiFi.framework/Versions/A/CoreWiFi
0x000000002ebb7000 	/System/Library/Frameworks/CoreBluetooth.framework/Versions/A/CoreBluetooth
0x000000002ebb7000 	/System/Library/PrivateFrameworks/DebugSymbols.framework/Versions/A/DebugSymbols
0x000000002ebb7000 	/System/Library/PrivateFrameworks/CoreSymbolication.framework/Versions/A/CoreSymbolication
0x000000002ebb7000 	/System/Library/PrivateFrameworks/Symbolication.framework/Versions/A/Symbolication
0x000000002ebb7000 	/System/Library/PrivateFrameworks/AppleFSCompression.framework/Versions/A/AppleFSCompression
0x000000002ebb7000 	/System/Library/PrivateFrameworks/SpeechRecognitionCore.framework/Versions/A/SpeechRecognitionCore
0x0000000108400000 	/Applications/Android Studio.app/Contents/jre/jdk/Contents/Home/jre/lib/server/libjvm.dylib
0x000000002ebb7000 	/usr/lib/libstdc++.6.0.9.dylib
0x00000001072a6000 	/Applications/Android Studio.app/Contents/jre/jdk/Contents/Home/jre/lib/libverify.dylib
0x00000001072b2000 	/Applications/Android Studio.app/Contents/jre/jdk/Contents/Home/jre/lib/libjava.dylib
0x0000000107330000 	/Applications/Android Studio.app/Contents/jre/jdk/Contents/Home/jre/lib/libzip.dylib
0x0000000110d3c000 	/Applications/Android Studio.app/Contents/jre/jdk/Contents/Home/jre/lib/libmanagement.dylib
0x0000000110d46000 	/Applications/Android Studio.app/Contents/jre/jdk/Contents/Home/jre/lib/libnio.dylib
0x0000000110d56000 	/Applications/Android Studio.app/Contents/jre/jdk/Contents/Home/jre/lib/./libnet.dylib

VM Arguments:
jvm_args: -Djava.awt.headless=true -Djava.rmi.server.hostname=localhost -Xmx1536m -Dkotlin.environment.keepalive 
java_command: org.jetbrains.kotlin.daemon.KotlinCompileDaemon --daemon-runFilesPath /Users/sergeygolishnikov/Library/Application Support/kotlin/daemon --daemon-autoshutdownIdleSeconds=7200 --daemon-compilerClasspath /Users/sergeygolishnikov/.gradle/caches/modules-2/files-2.1/org.jetbrains.kotlin/kotlin-compiler-embeddable/1.2.31/29128887c407ed331d6dceef1a943ef0e51d6cfd/kotlin-compiler-embeddable-1.2.31.jar:/Users/sergeygolishnikov/.gradle/caches/modules-2/files-2.1/org.jetbrains.kotlin/kotlin-stdlib/1.2.31/153dcd9ed9db246a7e36f4d7609e2a9f4718c674/kotlin-stdlib-1.2.31.jar:/Users/sergeygolishnikov/.gradle/caches/modules-2/files-2.1/org.jetbrains.kotlin/kotlin-script-runtime/1.2.31/7904e817466f39297419e7ba3f296a2b86bb48be/kotlin-script-runtime-1.2.31.jar:/Users/sergeygolishnikov/.gradle/caches/modules-2/files-2.1/org.jetbrains.kotlin/kotlin-reflect/1.2.31/17c564968cae80b954b294f8564c492da56bd7b5/kotlin-reflect-1.2.31.jar:/Applications/Android Studio.app/Contents/jre/jdk/Contents/Home/lib/tools.jar
java_class_path (initial): /Users/sergeygolishnikov/.gradle/caches/modules-2/files-2.1/org.jetbrains.kotlin/kotlin-compiler-embeddable/1.2.31/29128887c407ed331d6dceef1a943ef0e51d6cfd/kotlin-compiler-embeddable-1.2.31.jar:/Users/sergeygolishnikov/.gradle/caches/modules-2/files-2.1/org.jetbrains.kotlin/kotlin-stdlib/1.2.31/153dcd9ed9db246a7e36f4d7609e2a9f4718c674/kotlin-stdlib-1.2.31.jar:/Users/sergeygolishnikov/.gradle/caches/modules-2/files-2.1/org.jetbrains.kotlin/kotlin-script-runtime/1.2.31/7904e817466f39297419e7ba3f296a2b86bb48be/kotlin-script-runtime-1.2.31.jar:/Users/sergeygolishnikov/.gradle/caches/modules-2/files-2.1/org.jetbrains.kotlin/kotlin-reflect/1.2.31/17c564968cae80b954b294f8564c492da56bd7b5/kotlin-reflect-1.2.31.jar:/Applications/Android Studio.app/Contents/jre/jdk/Contents/Home/lib/tools.jar
Launcher Type: SUN_STANDARD

Environment Variables:
PATH=/Users/sergeygolishnikov/.rvm/gems/ruby-2.3.4/bin:/Users/sergeygolishnikov/.rvm/gems/ruby-2.3.4@global/bin:/Users/sergeygolishnikov/.rvm/rubies/ruby-2.3.4/bin:/usr/local/bin:/usr/bin:/bin:/usr/sbin:/sbin:/Users/sergeygolishnikov/.rvm/bin
SHELL=/bin/zsh

Signal Handlers:
SIGSEGV: [libjvm.dylib+0x53f567], sa_mask[0]=11111111011111110111111111111111, sa_flags=SA_ONSTACK|SA_RESTART|SA_SIGINFO
SIGBUS: [libjvm.dylib+0x53f567], sa_mask[0]=11111111011111110111111111111111, sa_flags=SA_RESTART|SA_SIGINFO
SIGFPE: [libjvm.dylib+0x437adf], sa_mask[0]=11111111011111110111111111111111, sa_flags=SA_RESTART|SA_SIGINFO
SIGPIPE: [libjvm.dylib+0x437adf], sa_mask[0]=11111111011111110111111111111111, sa_flags=SA_RESTART|SA_SIGINFO
SIGXFSZ: [libjvm.dylib+0x437adf], sa_mask[0]=11111111011111110111111111111111, sa_flags=SA_RESTART|SA_SIGINFO
SIGILL: [libjvm.dylib+0x437adf], sa_mask[0]=11111111011111110111111111111111, sa_flags=SA_RESTART|SA_SIGINFO
SIGUSR1: SIG_DFL, sa_mask[0]=00000000000000000000000000000000, sa_flags=none
SIGUSR2: [libjvm.dylib+0x438404], sa_mask[0]=00100000000000000000000000000000, sa_flags=SA_RESTART|SA_SIGINFO
SIGHUP: [libjvm.dylib+0x4365f9], sa_mask[0]=11111111011111110111111111111111, sa_flags=SA_RESTART|SA_SIGINFO
SIGINT: [libjvm.dylib+0x4365f9], sa_mask[0]=11111111011111110111111111111111, sa_flags=SA_RESTART|SA_SIGINFO
SIGTERM: [libjvm.dylib+0x4365f9], sa_mask[0]=11111111011111110111111111111111, sa_flags=SA_RESTART|SA_SIGINFO
SIGQUIT: [libjvm.dylib+0x4365f9], sa_mask[0]=11111111011111110111111111111111, sa_flags=SA_RESTART|SA_SIGINFO


---------------  S Y S T E M  ---------------

OS:Bsduname:Darwin 17.5.0 Darwin Kernel Version 17.5.0: Mon Mar  5 22:24:32 PST 2018; root:xnu-4570.51.1~1/RELEASE_X86_64 x86_64
rlimit: STACK 8192k, CORE 0k, NPROC 1418, NOFILE 10240, AS infinity
load average:2.18 2.46 2.81

CPU:total 8 (initial active 8) (4 cores per cpu, 2 threads per core) family 6 model 94 stepping 3, cmov, cx8, fxsr, mmx, sse, sse2, sse3, ssse3, sse4.1, sse4.2, popcnt, avx, avx2, aes, clmul, erms, rtm, 3dnowpref, lzcnt, ht, tsc, tscinvbit, bmi1, bmi2, adx

Memory: 4k page, physical 16777216k(3637228k free)

/proc/meminfo:


vm_info: OpenJDK 64-Bit Server VM (25.152-b01) for bsd-amd64 JRE (1.8.0_152-release-1024-b01), built by "builder" with gcc 4.2.1 Compatible Apple LLVM 8.1.0 (clang-802.0.42)

time: Sun Apr 15 12:16:43 2018
elapsed time: 5 seconds (0d 0h 0m 5s)

